Linked: (/home/davide/Desktop/Pick_And_Delivery/Pick_And_Delivery/workspace/devel/.private/move_robot/include/move_robot/NewGoal.h, /home/davide/Desktop/Pick_And_Delivery/Pick_And_Delivery/workspace/devel/include/move_robot/NewGoal.h)
Linked: (/home/davide/Desktop/Pick_And_Delivery/Pick_And_Delivery/workspace/devel/.private/move_robot/lib/python2.7/dist-packages/move_robot/__init__.py, /home/davide/Desktop/Pick_And_Delivery/Pick_And_Delivery/workspace/devel/lib/python2.7/dist-packages/move_robot/__init__.py)
Linked: (/home/davide/Desktop/Pick_And_Delivery/Pick_And_Delivery/workspace/devel/.private/move_robot/lib/python2.7/dist-packages/move_robot/msg/__init__.py, /home/davide/Desktop/Pick_And_Delivery/Pick_And_Delivery/workspace/devel/lib/python2.7/dist-packages/move_robot/msg/__init__.py)
Linked: (/home/davide/Desktop/Pick_And_Delivery/Pick_And_Delivery/workspace/devel/.private/move_robot/lib/python2.7/dist-packages/move_robot/msg/_NewGoal.py, /home/davide/Desktop/Pick_And_Delivery/Pick_And_Delivery/workspace/devel/lib/python2.7/dist-packages/move_robot/msg/_NewGoal.py)
Linked: (/home/davide/Desktop/Pick_And_Delivery/Pick_And_Delivery/workspace/devel/.private/move_robot/lib/pkgconfig/move_robot.pc, /home/davide/Desktop/Pick_And_Delivery/Pick_And_Delivery/workspace/devel/lib/pkgconfig/move_robot.pc)
Linked: (/home/davide/Desktop/Pick_And_Delivery/Pick_And_Delivery/workspace/devel/.private/move_robot/lib/move_robot/sender, /home/davide/Desktop/Pick_And_Delivery/Pick_And_Delivery/workspace/devel/lib/move_robot/sender)
Linked: (/home/davide/Desktop/Pick_And_Delivery/Pick_And_Delivery/workspace/devel/.private/move_robot/lib/move_robot/move, /home/davide/Desktop/Pick_And_Delivery/Pick_And_Delivery/workspace/devel/lib/move_robot/move)
Linked: (/home/davide/Desktop/Pick_And_Delivery/Pick_And_Delivery/workspace/devel/.private/move_robot/share/gennodejs/ros/move_robot/_index.js, /home/davide/Desktop/Pick_And_Delivery/Pick_And_Delivery/workspace/devel/share/gennodejs/ros/move_robot/_index.js)
Linked: (/home/davide/Desktop/Pick_And_Delivery/Pick_And_Delivery/workspace/devel/.private/move_robot/share/gennodejs/ros/move_robot/msg/NewGoal.js, /home/davide/Desktop/Pick_And_Delivery/Pick_And_Delivery/workspace/devel/share/gennodejs/ros/move_robot/msg/NewGoal.js)
Linked: (/home/davide/Desktop/Pick_And_Delivery/Pick_And_Delivery/workspace/devel/.private/move_robot/share/gennodejs/ros/move_robot/msg/_index.js, /home/davide/Desktop/Pick_And_Delivery/Pick_And_Delivery/workspace/devel/share/gennodejs/ros/move_robot/msg/_index.js)
Linked: (/home/davide/Desktop/Pick_And_Delivery/Pick_And_Delivery/workspace/devel/.private/move_robot/share/common-lisp/ros/move_robot/msg/_package.lisp, /home/davide/Desktop/Pick_And_Delivery/Pick_And_Delivery/workspace/devel/share/common-lisp/ros/move_robot/msg/_package.lisp)
Linked: (/home/davide/Desktop/Pick_And_Delivery/Pick_And_Delivery/workspace/devel/.private/move_robot/share/common-lisp/ros/move_robot/msg/NewGoal.lisp, /home/davide/Desktop/Pick_And_Delivery/Pick_And_Delivery/workspace/devel/share/common-lisp/ros/move_robot/msg/NewGoal.lisp)
Linked: (/home/davide/Desktop/Pick_And_Delivery/Pick_And_Delivery/workspace/devel/.private/move_robot/share/common-lisp/ros/move_robot/msg/move_robot-msg.asd, /home/davide/Desktop/Pick_And_Delivery/Pick_And_Delivery/workspace/devel/share/common-lisp/ros/move_robot/msg/move_robot-msg.asd)
Linked: (/home/davide/Desktop/Pick_And_Delivery/Pick_And_Delivery/workspace/devel/.private/move_robot/share/common-lisp/ros/move_robot/msg/_package_NewGoal.lisp, /home/davide/Desktop/Pick_And_Delivery/Pick_And_Delivery/workspace/devel/share/common-lisp/ros/move_robot/msg/_package_NewGoal.lisp)
Linked: (/home/davide/Desktop/Pick_And_Delivery/Pick_And_Delivery/workspace/devel/.private/move_robot/share/move_robot/cmake/move_robotConfig-version.cmake, /home/davide/Desktop/Pick_And_Delivery/Pick_And_Delivery/workspace/devel/share/move_robot/cmake/move_robotConfig-version.cmake)
Linked: (/home/davide/Desktop/Pick_And_Delivery/Pick_And_Delivery/workspace/devel/.private/move_robot/share/move_robot/cmake/move_robotConfig.cmake, /home/davide/Desktop/Pick_And_Delivery/Pick_And_Delivery/workspace/devel/share/move_robot/cmake/move_robotConfig.cmake)
Linked: (/home/davide/Desktop/Pick_And_Delivery/Pick_And_Delivery/workspace/devel/.private/move_robot/share/move_robot/cmake/move_robot-msg-paths.cmake, /home/davide/Desktop/Pick_And_Delivery/Pick_And_Delivery/workspace/devel/share/move_robot/cmake/move_robot-msg-paths.cmake)
Linked: (/home/davide/Desktop/Pick_And_Delivery/Pick_And_Delivery/workspace/devel/.private/move_robot/share/move_robot/cmake/move_robot-msg-extras.cmake, /home/davide/Desktop/Pick_And_Delivery/Pick_And_Delivery/workspace/devel/share/move_robot/cmake/move_robot-msg-extras.cmake)
Linked: (/home/davide/Desktop/Pick_And_Delivery/Pick_And_Delivery/workspace/devel/.private/move_robot/share/roseus/ros/move_robot/manifest.l, /home/davide/Desktop/Pick_And_Delivery/Pick_And_Delivery/workspace/devel/share/roseus/ros/move_robot/manifest.l)
Linked: (/home/davide/Desktop/Pick_And_Delivery/Pick_And_Delivery/workspace/devel/.private/move_robot/share/roseus/ros/move_robot/msg/NewGoal.l, /home/davide/Desktop/Pick_And_Delivery/Pick_And_Delivery/workspace/devel/share/roseus/ros/move_robot/msg/NewGoal.l)
