[01m[K/home/davide/Desktop/Pick_And_Delivery/Pick_And_Delivery/workspace/src/move_robot/src/move.cpp:[m[K In function ‘[01m[Kvoid check2_callBack(const ros::TimerEvent&)[m[K’:
[01m[K/home/davide/Desktop/Pick_And_Delivery/Pick_And_Delivery/workspace/src/move_robot/src/move.cpp:97:114:[m[K [01;31m[Kerror: [m[Koverloaded function with no contextual type information
         distance=sqrt(pow(current_position[0]-target_position[0],2)+pow(current_position[1]-target_position[1],2)[01;31m[K)[m[K;
                                                                                                                  [01;31m[K^[m[K
[01m[K/home/davide/Desktop/Pick_And_Delivery/Pick_And_Delivery/workspace/src/move_robot/src/move.cpp:98:21:[m[K [01;31m[Kerror: [m[Kinvalid operands of types ‘[01m[K<unresolved overloaded function type>[m[K’ and ‘[01m[Kdouble[m[K’ to binary ‘[01m[Koperator>[m[K’
         if([01;31m[Kdistance > 0.5[m[K){
            [01;31m[K~~~~~~~~~^~~~~[m[K
[01m[K/home/davide/Desktop/Pick_And_Delivery/Pick_And_Delivery/workspace/src/move_robot/src/move.cpp:[m[K In function ‘[01m[Kint main(int, char**)[m[K’:
[01m[K/home/davide/Desktop/Pick_And_Delivery/Pick_And_Delivery/workspace/src/move_robot/src/move.cpp:110:74:[m[K [01;31m[Kerror: [m[Kconversion from ‘[01m[Kros::Publisher[m[K’ to non-scalar type ‘[01m[Kros::Subscriber[m[K’ requested
     ros::Subscriber chatter_pub = [01;31m[Kn.advertise<geometry_msgs::PoseStamped>("/move_base_simple/goal",1000)[m[K;
                                   [01;31m[K~~~~~~~~~~~~~~~~~~~~~~~~~~~~~~~~~~~~~~~^~~~~~~~~~~~~~~~~~~~~~~~~~~~~~~[m[K
[01m[K/home/davide/Desktop/Pick_And_Delivery/Pick_And_Delivery/workspace/src/move_robot/src/move.cpp:112:43:[m[K [01;31m[Kerror: [m[K‘[01m[KTfBuffer[m[K’ was not declared in this scope
     tf2_ros::TransformListener tfListener([01;31m[KTfBuffer[m[K);
                                           [01;31m[K^~~~~~~~[m[K
[01m[K/home/davide/Desktop/Pick_And_Delivery/Pick_And_Delivery/workspace/src/move_robot/src/move.cpp:112:43:[m[K [01;36m[Knote: [m[Ksuggested alternative: ‘[01m[KtfBuffer[m[K’
     tf2_ros::TransformListener tfListener([01;36m[KTfBuffer[m[K);
                                           [01;36m[K^~~~~~~~[m[K
                                           [32m[KtfBuffer[m[K
[01m[K/home/davide/Desktop/Pick_And_Delivery/Pick_And_Delivery/workspace/src/move_robot/src/move.cpp:126:13:[m[K [01;31m[Kerror: [m[K‘[01m[Kpub[m[K’ was not declared in this scope
             [01;31m[Kpub[m[K.publish(new_goal_msg); //PUÒ ESSERE FATTA DIRETTAMENTE NELLA CALLBACK?
             [01;31m[K^~~[m[K
[01m[K/home/davide/Desktop/Pick_And_Delivery/Pick_And_Delivery/workspace/src/move_robot/src/move.cpp:126:13:[m[K [01;36m[Knote: [m[Ksuggested alternative: ‘[01m[Ksub[m[K’
             [01;36m[Kpub[m[K.publish(new_goal_msg); //PUÒ ESSERE FATTA DIRETTAMENTE NELLA CALLBACK?
             [01;36m[K^~~[m[K
             [32m[Ksub[m[K
make[2]: *** [CMakeFiles/MoveRobot.dir/src/move.cpp.o] Error 1
make[1]: *** [CMakeFiles/MoveRobot.dir/all] Error 2
make: *** [all] Error 2
