Determining if the pthread_create exist failed with the following output:
Change Dir: /home/davide/Desktop/Pick_And_Delivery/Pick_And_Delivery/workspace/build/move_robot/CMakeFiles/CMakeTmp

Run Build Command:"/usr/bin/make" "cmTC_f9976/fast"
/usr/bin/make -f CMakeFiles/cmTC_f9976.dir/build.make CMakeFiles/cmTC_f9976.dir/build
make[1]: Entering directory '/home/davide/Desktop/Pick_And_Delivery/Pick_And_Delivery/workspace/build/move_robot/CMakeFiles/CMakeTmp'
Building C object CMakeFiles/cmTC_f9976.dir/CheckSymbolExists.c.o
/usr/bin/cc    -o CMakeFiles/cmTC_f9976.dir/CheckSymbolExists.c.o   -c /home/davide/Desktop/Pick_And_Delivery/Pick_And_Delivery/workspace/build/move_robot/CMakeFiles/CMakeTmp/CheckSymbolExists.c
Linking C executable cmTC_f9976
/usr/bin/cmake -E cmake_link_script CMakeFiles/cmTC_f9976.dir/link.txt --verbose=1
/usr/bin/cc      -rdynamic CMakeFiles/cmTC_f9976.dir/CheckSymbolExists.c.o  -o cmTC_f9976 
CMakeFiles/cmTC_f9976.dir/CheckSymbolExists.c.o: In function `main':
CheckSymbolExists.c:(.text+0x1b): undefined reference to `pthread_create'
collect2: error: ld returned 1 exit status
CMakeFiles/cmTC_f9976.dir/build.make:97: recipe for target 'cmTC_f9976' failed
make[1]: *** [cmTC_f9976] Error 1
make[1]: Leaving directory '/home/davide/Desktop/Pick_And_Delivery/Pick_And_Delivery/workspace/build/move_robot/CMakeFiles/CMakeTmp'
Makefile:126: recipe for target 'cmTC_f9976/fast' failed
make: *** [cmTC_f9976/fast] Error 2

File /home/davide/Desktop/Pick_And_Delivery/Pick_And_Delivery/workspace/build/move_robot/CMakeFiles/CMakeTmp/CheckSymbolExists.c:
/* */
#include <pthread.h>

int main(int argc, char** argv)
{
  (void)argv;
#ifndef pthread_create
  return ((int*)(&pthread_create))[argc];
#else
  (void)argc;
  return 0;
#endif
}

Determining if the function pthread_create exists in the pthreads failed with the following output:
Change Dir: /home/davide/Desktop/Pick_And_Delivery/Pick_And_Delivery/workspace/build/move_robot/CMakeFiles/CMakeTmp

Run Build Command:"/usr/bin/make" "cmTC_99bcb/fast"
/usr/bin/make -f CMakeFiles/cmTC_99bcb.dir/build.make CMakeFiles/cmTC_99bcb.dir/build
make[1]: Entering directory '/home/davide/Desktop/Pick_And_Delivery/Pick_And_Delivery/workspace/build/move_robot/CMakeFiles/CMakeTmp'
Building C object CMakeFiles/cmTC_99bcb.dir/CheckFunctionExists.c.o
/usr/bin/cc   -DCHECK_FUNCTION_EXISTS=pthread_create   -o CMakeFiles/cmTC_99bcb.dir/CheckFunctionExists.c.o   -c /usr/share/cmake-3.10/Modules/CheckFunctionExists.c
Linking C executable cmTC_99bcb
/usr/bin/cmake -E cmake_link_script CMakeFiles/cmTC_99bcb.dir/link.txt --verbose=1
/usr/bin/cc  -DCHECK_FUNCTION_EXISTS=pthread_create    -rdynamic CMakeFiles/cmTC_99bcb.dir/CheckFunctionExists.c.o  -o cmTC_99bcb -lpthreads 
/usr/bin/ld: cannot find -lpthreads
collect2: error: ld returned 1 exit status
CMakeFiles/cmTC_99bcb.dir/build.make:97: recipe for target 'cmTC_99bcb' failed
make[1]: *** [cmTC_99bcb] Error 1
make[1]: Leaving directory '/home/davide/Desktop/Pick_And_Delivery/Pick_And_Delivery/workspace/build/move_robot/CMakeFiles/CMakeTmp'
Makefile:126: recipe for target 'cmTC_99bcb/fast' failed
make: *** [cmTC_99bcb/fast] Error 2


